<?xml version="1.0" encoding="UTF-8"?>
<!-- Generated by org.testng.reporters.JUnitReportReporter -->
<testsuite hostname="Paresh" failures="0" tests="1" name="TestCases.deletefiles" time="0.018" errors="0" timestamp="2024-09-10T09:42:53 IST" skipped="0">
  <testcase classname="TestCases.deletefiles" name="delete" time="0.018"/>
</testsuite> <!-- TestCases.deletefiles -->
