<?xml version="1.0" encoding="UTF-8"?>
<!-- Generated by org.testng.reporters.JUnitReportReporter -->
<testsuite hostname="Paresh" failures="0" tests="1" name="TestCases.CreateFile" time="0.032" errors="0" timestamp="2024-09-10T09:51:44 IST" skipped="0">
  <testcase classname="TestCases.CreateFile" name="newF" time="0.032"/>
</testsuite> <!-- TestCases.CreateFile -->
